Start testing: Mar 07 17:10 GMT
----------------------------------------------------------
1/4 Testing: DatabaseTest.Insert
1/4 Test: DatabaseTest.Insert
Command: "/Users/adam.lamers/tsdb/timeseries-database/build/tsdb_tests" "--gtest_filter=DatabaseTest.Insert" "--gtest_also_run_disabled_tests"
Directory: /Users/adam.lamers/tsdb/timeseries-database/build
"DatabaseTest.Insert" start time: Mar 07 17:10 GMT
Output:
----------------------------------------------------------
Note: Google Test filter = DatabaseTest.Insert
[==========] Running 1 test from 1 test suite.
[----------] Global test environment set-up.
[----------] 1 test from DatabaseTest
[ RUN      ] DatabaseTest.Insert
[       OK ] DatabaseTest.Insert (0 ms)
[----------] 1 test from DatabaseTest (0 ms total)

[----------] Global test environment tear-down
[==========] 1 test from 1 test suite ran. (0 ms total)
[  PASSED  ] 1 test.
<end of output>
Test time =   0.01 sec
----------------------------------------------------------
Test Passed.
"DatabaseTest.Insert" end time: Mar 07 17:10 GMT
"DatabaseTest.Insert" time elapsed: 00:00:00
----------------------------------------------------------

2/4 Testing: RawSSTableWriterTest.Write
2/4 Test: RawSSTableWriterTest.Write
Command: "/Users/adam.lamers/tsdb/timeseries-database/build/tsdb_tests" "--gtest_filter=RawSSTableWriterTest.Write" "--gtest_also_run_disabled_tests"
Directory: /Users/adam.lamers/tsdb/timeseries-database/build
"RawSSTableWriterTest.Write" start time: Mar 07 17:10 GMT
Output:
----------------------------------------------------------
Note: Google Test filter = RawSSTableWriterTest.Write
[==========] Running 1 test from 1 test suite.
[----------] Global test environment set-up.
[----------] 1 test from RawSSTableWriterTest
[ RUN      ] RawSSTableWriterTest.Write
a
b
c
[       OK ] RawSSTableWriterTest.Write (0 ms)
[----------] 1 test from RawSSTableWriterTest (0 ms total)

[----------] Global test environment tear-down
[==========] 1 test from 1 test suite ran. (0 ms total)
[  PASSED  ] 1 test.
<end of output>
Test time =   0.01 sec
----------------------------------------------------------
Test Passed.
"RawSSTableWriterTest.Write" end time: Mar 07 17:10 GMT
"RawSSTableWriterTest.Write" time elapsed: 00:00:00
----------------------------------------------------------

3/4 Testing: DataPointTest.Serialization
3/4 Test: DataPointTest.Serialization
Command: "/Users/adam.lamers/tsdb/timeseries-database/build/tsdb_tests" "--gtest_filter=DataPointTest.Serialization" "--gtest_also_run_disabled_tests"
Directory: /Users/adam.lamers/tsdb/timeseries-database/build
"DataPointTest.Serialization" start time: Mar 07 17:10 GMT
Output:
----------------------------------------------------------
Note: Google Test filter = DataPointTest.Serialization
[==========] Running 1 test from 1 test suite.
[----------] Global test environment set-up.
[----------] 1 test from DataPointTest
[ RUN      ] DataPointTest.Serialization
[       OK ] DataPointTest.Serialization (0 ms)
[----------] 1 test from DataPointTest (0 ms total)

[----------] Global test environment tear-down
[==========] 1 test from 1 test suite ran. (0 ms total)
[  PASSED  ] 1 test.
<end of output>
Test time =   0.01 sec
----------------------------------------------------------
Test Passed.
"DataPointTest.Serialization" end time: Mar 07 17:10 GMT
"DataPointTest.Serialization" time elapsed: 00:00:00
----------------------------------------------------------

4/4 Testing: TSDBTests
4/4 Test: TSDBTests
Command: "/Users/adam.lamers/tsdb/timeseries-database/build/tsdb_tests"
Directory: /Users/adam.lamers/tsdb/timeseries-database/build
"TSDBTests" start time: Mar 07 17:10 GMT
Output:
----------------------------------------------------------
[==========] Running 3 tests from 3 test suites.
[----------] Global test environment set-up.
[----------] 1 test from DatabaseTest
[ RUN      ] DatabaseTest.Insert
[       OK ] DatabaseTest.Insert (0 ms)
[----------] 1 test from DatabaseTest (0 ms total)

[----------] 1 test from RawSSTableWriterTest
[ RUN      ] RawSSTableWriterTest.Write
a
b
c
[       OK ] RawSSTableWriterTest.Write (0 ms)
[----------] 1 test from RawSSTableWriterTest (0 ms total)

[----------] 1 test from DataPointTest
[ RUN      ] DataPointTest.Serialization
[       OK ] DataPointTest.Serialization (0 ms)
[----------] 1 test from DataPointTest (0 ms total)

[----------] Global test environment tear-down
[==========] 3 tests from 3 test suites ran. (0 ms total)
[  PASSED  ] 3 tests.
<end of output>
Test time =   0.01 sec
----------------------------------------------------------
Test Passed.
"TSDBTests" end time: Mar 07 17:10 GMT
"TSDBTests" time elapsed: 00:00:00
----------------------------------------------------------

End testing: Mar 07 17:10 GMT
